\BOOKMARK [0][-]{chapter.1}{Introducci\363n}{}% 1
\BOOKMARK [1][-]{section.1.1}{Problem\341tica}{chapter.1}% 2
\BOOKMARK [1][-]{section.1.2}{Motivaci\363n y objetivos}{chapter.1}% 3
\BOOKMARK [1][-]{section.1.3}{Organizaci\363n del trabajo}{chapter.1}% 4
\BOOKMARK [0][-]{chapter.2}{Conceptos generales}{}% 5
\BOOKMARK [1][-]{section.2.1}{Aprendizaje autom\341tico}{chapter.2}% 6
\BOOKMARK [2][-]{section*.1}{Aprendizaje supervisado y no supervisado}{section.2.1}% 7
\BOOKMARK [2][-]{section*.2}{Sobreajuste}{section.2.1}% 8
\BOOKMARK [2][-]{section*.5}{Sesgo inductivo}{section.2.1}% 9
\BOOKMARK [1][-]{section.2.2}{Redes Neuronales}{chapter.2}% 10
\BOOKMARK [2][-]{section*.11}{Optimizaci\363n del aprendizaje}{section.2.2}% 11
\BOOKMARK [1][-]{section.2.3}{Deep Learning}{chapter.2}% 12
\BOOKMARK [2][-]{section*.21}{Redes generativas adversarias}{section.2.3}% 13
\BOOKMARK [2][-]{section*.23}{Wasserstein GANs}{section.2.3}% 14
\BOOKMARK [2][-]{section*.28}{Redes Convolucionales}{section.2.3}% 15
\BOOKMARK [1][-]{section.2.4}{Inception Score}{chapter.2}% 16
\BOOKMARK [1][-]{section.2.5}{Trabajos relacionados}{chapter.2}% 17
\BOOKMARK [0][-]{chapter.3}{Experimentos}{}% 18
\BOOKMARK [1][-]{section.3.1}{Datasets}{chapter.3}% 19
\BOOKMARK [2][-]{section*.36}{Yahoo Flickr Creative Commons}{section.3.1}% 20
\BOOKMARK [2][-]{section*.42}{Microsoft COCO}{section.3.1}% 21
\BOOKMARK [1][-]{section.3.2}{Arquitectura}{chapter.3}% 22
\BOOKMARK [2][-]{section*.48}{Generador}{section.3.2}% 23
\BOOKMARK [2][-]{section*.49}{Discriminador}{section.3.2}% 24
\BOOKMARK [1][-]{section.3.3}{Entrenamiento}{chapter.3}% 25
\BOOKMARK [2][-]{section*.51}{Resultados}{section.3.3}% 26
\BOOKMARK [0][-]{chapter.4}{Conclusiones y trabajos futuros}{}% 27
\BOOKMARK [1][-]{section.4.1}{Conclusiones}{chapter.4}% 28
\BOOKMARK [1][-]{section.4.2}{Trabajos futuros}{chapter.4}% 29
\BOOKMARK [0][-]{appendix.Alph1}{Resultados del dataset COCO}{}% 30
\BOOKMARK [0][-]{appendix.Alph2}{Resultados del dataset YFCC100m \(filtrado\)}{}% 31
\BOOKMARK [0][-]{appendix.Alph3}{Resultados del dataset YFCC100m}{}% 32
